<?xml version="1.0" encoding="UTF-8"?>
<testsuite name="invoiceservice.InvoiceServiceTest" tests="3" skipped="0" failures="0" errors="0" timestamp="2021-06-17T11:31:09" hostname="MOONLIGHT" time="0.047">
  <properties/>
  <testcase name="this is the test to check to return minimum fare when given less distance and time" classname="invoiceservice.InvoiceServiceTest" time="0.039"/>
  <testcase name="this is test case to check total fare when given Distance and time" classname="invoiceservice.InvoiceServiceTest" time="0.001"/>
  <testcase name="this is the test case to check total fare for multiple rides" classname="invoiceservice.InvoiceServiceTest" time="0.003"/>
  <system-out><![CDATA[]]></system-out>
  <system-err><![CDATA[]]></system-err>
</testsuite>
