<?xml version="1.0" encoding="UTF-8"?>
<testsuite name="invoiceservice.InvoiceServiceTest" tests="1" skipped="0" failures="0" errors="0" timestamp="2021-06-16T16:28:26" hostname="MOONLIGHT" time="0.038">
  <properties/>
  <testcase name="givenDistanceAndTime_ShouldReturnTotalFare()" classname="invoiceservice.InvoiceServiceTest" time="0.038"/>
  <system-out><![CDATA[]]></system-out>
  <system-err><![CDATA[]]></system-err>
</testsuite>
