<?xml version="1.0" encoding="UTF-8"?>
<testsuite name="invoiceservice.InvoiceServiceTest" tests="1" skipped="0" failures="0" errors="0" timestamp="2021-06-17T12:21:48" hostname="MOONLIGHT" time="0.045">
  <properties/>
  <testcase name="this is the test case to check total fare for multiple rides" classname="invoiceservice.InvoiceServiceTest" time="0.045"/>
  <system-out><![CDATA[]]></system-out>
  <system-err><![CDATA[]]></system-err>
</testsuite>
