<?xml version="1.0" encoding="UTF-8"?>
<testsuite name="invoiceservice.InvoiceServiceTest" tests="5" skipped="0" failures="0" errors="0" timestamp="2021-06-17T15:17:04" hostname="MOONLIGHT" time="0.079">
  <properties/>
  <testcase name="this is the test to check to return minimum fare when given less distance and time" classname="invoiceservice.InvoiceServiceTest" time="0.046"/>
  <testcase name="this is the test case to check total fare for multiple rides" classname="invoiceservice.InvoiceServiceTest" time="0.019"/>
  <testcase name="givenCategories_WhenRideList_ShouldReturnInvoiceSummary()" classname="invoiceservice.InvoiceServiceTest" time="0.002"/>
  <testcase name="this is test case to check Invoice Summary for given userId and rides" classname="invoiceservice.InvoiceServiceTest" time="0.003"/>
  <testcase name="this is test case to check total fare when given Distance and time" classname="invoiceservice.InvoiceServiceTest" time="0.002"/>
  <system-out><![CDATA[]]></system-out>
  <system-err><![CDATA[]]></system-err>
</testsuite>
