<?xml version="1.0" encoding="UTF-8"?>
<testsuite name="invoiceservice.InvoiceServiceTest" tests="1" skipped="0" failures="0" errors="0" timestamp="2021-06-17T13:46:10" hostname="MOONLIGHT" time="0.056">
  <properties/>
  <testcase name="givenUserIdAndRides_shouldReturnInvoiceSummary()" classname="invoiceservice.InvoiceServiceTest" time="0.056"/>
  <system-out><![CDATA[]]></system-out>
  <system-err><![CDATA[]]></system-err>
</testsuite>
