<?xml version="1.0" encoding="UTF-8"?>
<testsuite name="invoiceservice.InvoiceServiceTest" tests="1" skipped="0" failures="0" errors="0" timestamp="2021-06-17T09:24:07" hostname="MOONLIGHT" time="0.051">
  <properties/>
  <testcase name="this is the test to check to return minimum fare when given less distance and time" classname="invoiceservice.InvoiceServiceTest" time="0.051"/>
  <system-out><![CDATA[]]></system-out>
  <system-err><![CDATA[]]></system-err>
</testsuite>
